This is pdfTeX, Version 3.14159265-2.6-1.40.17 (MiKTeX 2.9 64-bit) (preloaded format=pdflatex 2016.5.21)  23 MAY 2016 17:41
entering extended mode
**./first.tex
(first.tex
LaTeX2e <2016/03/31>
Babel <3.9r> and hyphenation patterns for 75 language(s) loaded.
("C:\Program Files\MiKTeX 2.9\tex\latex\base\article.cls"
Document Class: article 2014/09/29 v1.4h Standard LaTeX document class
("C:\Program Files\MiKTeX 2.9\tex\latex\base\size10.clo"
File: size10.clo 2014/09/29 v1.4h Standard LaTeX file (size option)
)
\c@part=\count79
\c@section=\count80
\c@subsection=\count81
\c@subsubsection=\count82
\c@paragraph=\count83
\c@subparagraph=\count84
\c@figure=\count85
\c@table=\count86
\abovecaptionskip=\skip41
\belowcaptionskip=\skip42
\bibindent=\dimen102
)
("C:\Program Files\MiKTeX 2.9\tex\latex\amsmath\amsmath.sty"
Package: amsmath 2016/03/10 v2.15b AMS math features
\@mathmargin=\skip43

For additional information on amsmath, use the `?' option.
("C:\Program Files\MiKTeX 2.9\tex\latex\amsmath\amstext.sty"
Package: amstext 2000/06/29 v2.01 AMS text

("C:\Program Files\MiKTeX 2.9\tex\latex\amsmath\amsgen.sty"
File: amsgen.sty 1999/11/30 v2.0 generic functions
\@emptytoks=\toks14
\ex@=\dimen103
))
("C:\Program Files\MiKTeX 2.9\tex\latex\amsmath\amsbsy.sty"
Package: amsbsy 1999/11/29 v1.2d Bold Symbols
\pmbraise@=\dimen104
)
("C:\Program Files\MiKTeX 2.9\tex\latex\amsmath\amsopn.sty"
Package: amsopn 2016/03/08 v2.02 operator names
)
\inf@bad=\count87
LaTeX Info: Redefining \frac on input line 199.
\uproot@=\count88
\leftroot@=\count89
LaTeX Info: Redefining \overline on input line 297.
\classnum@=\count90
\DOTSCASE@=\count91
LaTeX Info: Redefining \ldots on input line 394.
LaTeX Info: Redefining \dots on input line 397.
LaTeX Info: Redefining \cdots on input line 518.
\Mathstrutbox@=\box26
\strutbox@=\box27
\big@size=\dimen105
LaTeX Font Info:    Redeclaring font encoding OML on input line 634.
LaTeX Font Info:    Redeclaring font encoding OMS on input line 635.
\macc@depth=\count92
\c@MaxMatrixCols=\count93
\dotsspace@=\muskip10
\c@parentequation=\count94
\dspbrk@lvl=\count95
\tag@help=\toks15
\row@=\count96
\column@=\count97
\maxfields@=\count98
\andhelp@=\toks16
\eqnshift@=\dimen106
\alignsep@=\dimen107
\tagshift@=\dimen108
\tagwidth@=\dimen109
\totwidth@=\dimen110
\lineht@=\dimen111
\@envbody=\toks17
\multlinegap=\skip44
\multlinetaggap=\skip45
\mathdisplay@stack=\toks18
LaTeX Info: Redefining \[ on input line 2739.
LaTeX Info: Redefining \] on input line 2740.
)
("C:\Program Files\MiKTeX 2.9\tex\latex\mdwtools\mdwmath.sty"
Package: mdwmath 1996/04/11 1.1 Nice mathematical things
\sq@sqrt=\count99
LaTeX Info: Redefining \sqrt on input line 84.
)
("C:\Program Files\MiKTeX 2.9\tex\latex\mdwtools\mdwtab.sty"
Package: mdwtab 1998/04/28 1.9 Table typesetting with style
\tab@state=\count100
\tab@columns=\count101
\tab@preamble=\toks19
\tab@shortline=\toks20
\extrarowheight=\dimen112
\tabextrasep=\dimen113
\arrayextrasep=\dimen114
\smarraycolsep=\dimen115
\smarrayextrasep=\dimen116
\tab@width=\dimen117
\col@sep=\dimen118
\tab@endheight=\dimen119
\tab@leftskip=\skip46
\tab@rightskip=\skip47
\fn@notes=\box28
\fn@width=\dimen120
)
("C:\Program Files\MiKTeX 2.9\tex\latex\physics\physics.sty"
Package: physics 

("C:\Program Files\MiKTeX 2.9\tex\latex\l3packages\xparse\xparse.sty"
("C:\Program Files\MiKTeX 2.9\tex\latex\l3kernel\expl3.sty"
Package: expl3 2016/05/18 v6512 L3 programming layer (loader) 

("C:\Program Files\MiKTeX 2.9\tex\latex\l3kernel\expl3-code.tex"
Package: expl3 2016/05/18 v6512 L3 programming layer (code)
L3 Module: l3bootstrap 2016/02/12 v6412 L3 Bootstrap code
L3 Module: l3names 2016/03/11 v6433 L3 Namespace for primitives
L3 Module: l3basics 2015/11/22 v6315 L3 Basic definitions
L3 Module: l3expan 2015/09/10 v5983 L3 Argument expansion
L3 Module: l3tl 2016/03/26 v6465 L3 Token lists
L3 Module: l3str 2016/03/24 v6441 L3 Strings
L3 Module: l3seq 2015/08/05 v5777 L3 Sequences and stacks
L3 Module: l3int 2016/03/24 v6441 L3 Integers
\c_max_int=\count102
\l_tmpa_int=\count103
\l_tmpb_int=\count104
\g_tmpa_int=\count105
\g_tmpb_int=\count106
L3 Module: l3quark 2015/08/17 v5855 L3 Quarks
L3 Module: l3prg 2015/11/01 v6216 L3 Control structures
\g__prg_map_int=\count107
L3 Module: l3clist 2015/09/02 v5901 L3 Comma separated lists
L3 Module: l3token 2016/04/03 v6470 L3 Experimental token manipulation
L3 Module: l3prop 2016/01/05 v6366 L3 Property lists
L3 Module: l3msg 2016/03/26 v6464 L3 Messages
L3 Module: l3file 2016/03/25 v6458 L3 File and I/O operations
\l_iow_line_count_int=\count108
\l__iow_target_count_int=\count109
\l__iow_current_line_int=\count110
\l__iow_current_word_int=\count111
\l__iow_current_indentation_int=\count112
L3 Module: l3skip 2016/01/05 v6366 L3 Dimensions and skips
\c_zero_dim=\dimen121
\c_max_dim=\dimen122
\l_tmpa_dim=\dimen123
\l_tmpb_dim=\dimen124
\g_tmpa_dim=\dimen125
\g_tmpb_dim=\dimen126
\c_zero_skip=\skip48
\c_max_skip=\skip49
\l_tmpa_skip=\skip50
\l_tmpb_skip=\skip51
\g_tmpa_skip=\skip52
\g_tmpb_skip=\skip53
\c_zero_muskip=\muskip11
\c_max_muskip=\muskip12
\l_tmpa_muskip=\muskip13
\l_tmpb_muskip=\muskip14
\g_tmpa_muskip=\muskip15
\g_tmpb_muskip=\muskip16
L3 Module: l3keys 2015/11/17 v6284 L3 Key-value interfaces
\g__keyval_level_int=\count113
\l_keys_choice_int=\count114
L3 Module: l3fp 2016/03/26 v6465 L3 Floating points
\c__fp_leading_shift_int=\count115
\c__fp_middle_shift_int=\count116
\c__fp_trailing_shift_int=\count117
\c__fp_big_leading_shift_int=\count118
\c__fp_big_middle_shift_int=\count119
\c__fp_big_trailing_shift_int=\count120
\c__fp_Bigg_leading_shift_int=\count121
\c__fp_Bigg_middle_shift_int=\count122
\c__fp_Bigg_trailing_shift_int=\count123
L3 Module: l3box 2015/08/09 v5822 L3 Experimental boxes
\c_empty_box=\box29
\l_tmpa_box=\box30
\l_tmpb_box=\box31
\g_tmpa_box=\box32
\g_tmpb_box=\box33
L3 Module: l3coffins 2016/05/17 v6508 L3 Coffin code layer
\l__coffin_internal_box=\box34
\l__coffin_internal_dim=\dimen127
\l__coffin_offset_x_dim=\dimen128
\l__coffin_offset_y_dim=\dimen129
\l__coffin_x_dim=\dimen130
\l__coffin_y_dim=\dimen131
\l__coffin_x_prime_dim=\dimen132
\l__coffin_y_prime_dim=\dimen133
\c_empty_coffin=\box35
\l__coffin_aligned_coffin=\box36
\l__coffin_aligned_internal_coffin=\box37
\l_tmpa_coffin=\box38
\l_tmpb_coffin=\box39
\l__coffin_display_coffin=\box40
\l__coffin_display_coord_coffin=\box41
\l__coffin_display_pole_coffin=\box42
\l__coffin_display_offset_dim=\dimen134
\l__coffin_display_x_dim=\dimen135
\l__coffin_display_y_dim=\dimen136
L3 Module: l3color 2014/08/23 v5354 L3 Experimental color support
L3 Module: l3sys 2015/09/25 v6087 L3 Experimental system/runtime functions
L3 Module: l3candidates 2016/05/13 v6484 L3 Experimental additions to l3kernel
\l__box_top_dim=\dimen137
\l__box_bottom_dim=\dimen138
\l__box_left_dim=\dimen139
\l__box_right_dim=\dimen140
\l__box_top_new_dim=\dimen141
\l__box_bottom_new_dim=\dimen142
\l__box_left_new_dim=\dimen143
\l__box_right_new_dim=\dimen144
\l__box_internal_box=\box43
\l__coffin_bounding_shift_dim=\dimen145
\l__coffin_left_corner_dim=\dimen146
\l__coffin_right_corner_dim=\dimen147
\l__coffin_bottom_corner_dim=\dimen148
\l__coffin_top_corner_dim=\dimen149
\l__coffin_scaled_total_height_dim=\dimen150
\l__coffin_scaled_width_dim=\dimen151
L3 Module: l3luatex 2016/03/26 v6465 L3 Experimental LuaTeX-specific functions
)
("C:\Program Files\MiKTeX 2.9\tex\latex\l3kernel\l3pdfmode.def"
File: l3pdfmode.def 2016/03/26 v6465 L3 Experimental driver: PDF mode
\l__driver_color_stack_int=\count124
\l__driver_tmp_box=\box44
))
Package: xparse 2016/05/18 v6512 L3 Experimental document command parser
\l__xparse_current_arg_int=\count125
\l__xparse_m_args_int=\count126
\l__xparse_mandatory_args_int=\count127
\l__xparse_processor_int=\count128
\l__xparse_v_nesting_int=\count129
)
.................................................
. LaTeX info: "xparse/define-command"
. 
. Defining command \vnabla with sig. '' on line 25.
.................................................
.................................................
. LaTeX info: "xparse/define-command"
. 
. Defining command \varE with sig. '' on line 29.
.................................................
.................................................
. LaTeX info: "xparse/define-command"
. 
. Defining command \ordersymbol with sig. '' on line 30.
.................................................
.................................................
. LaTeX info: "xparse/define-command"
. 
. Defining command \lparen with sig. '' on line 31.
.................................................
.................................................
. LaTeX info: "xparse/define-command"
. 
. Defining command \rparen with sig. '' on line 32.
.................................................
.................................................
. LaTeX info: "xparse/define-command"
. 
. Defining command \quantity with sig. '' on line 35.
.................................................
.................................................
. LaTeX info: "xparse/define-command"
. 
. Defining command \@quantity with sig. ' t\big t\Big t\bigg t\Bigg g o d()
. d|| ' on line 62.
.................................................
.................................................
. LaTeX info: "xparse/define-command"
. 
. Defining command \qty with sig. '' on line 63.
.................................................
.................................................
. LaTeX info: "xparse/define-command"
. 
. Defining command \pqty with sig. ' l m ' on line 64.
.................................................
.................................................
. LaTeX info: "xparse/define-command"
. 
. Defining command \bqty with sig. ' l m ' on line 65.
.................................................
.................................................
. LaTeX info: "xparse/define-command"
. 
. Defining command \Bqty with sig. ' l m ' on line 66.
.................................................
.................................................
. LaTeX info: "xparse/define-command"
. 
. Defining command \vqty with sig. ' l m ' on line 67.
.................................................
.................................................
. LaTeX info: "xparse/define-command"
. 
. Defining command \pmqty with sig. 'm' on line 70.
.................................................
.................................................
. LaTeX info: "xparse/define-command"
. 
. Defining command \Pmqty with sig. 'm' on line 71.
.................................................
.................................................
. LaTeX info: "xparse/define-command"
. 
. Defining command \bmqty with sig. 'm' on line 72.
.................................................
.................................................
. LaTeX info: "xparse/define-command"
. 
. Defining command \vmqty with sig. 'm' on line 73.
.................................................
.................................................
. LaTeX info: "xparse/define-command"
. 
. Defining command \matrixquantity with sig. '' on line 74.
.................................................
.................................................
. LaTeX info: "xparse/define-command"
. 
. Defining command \@matrixquantity with sig. ' s g o d() d|| ' on line 100.
.................................................
.................................................
. LaTeX info: "xparse/define-command"
. 
. Defining command \mqty with sig. '' on line 101.
.................................................
.................................................
. LaTeX info: "xparse/define-command"
. 
. Defining command \matrixdeterminant with sig. 'm' on line 102.
.................................................
.................................................
. LaTeX info: "xparse/define-command"
. 
. Defining command \mdet with sig. '' on line 103.
.................................................
.................................................
. LaTeX info: "xparse/define-command"
. 
. Defining command \spmqty with sig. 'm' on line 105.
.................................................
.................................................
. LaTeX info: "xparse/define-command"
. 
. Defining command \sPmqty with sig. 'm' on line 106.
.................................................
.................................................
. LaTeX info: "xparse/define-command"
. 
. Defining command \sbmqty with sig. 'm' on line 107.
.................................................
.................................................
. LaTeX info: "xparse/define-command"
. 
. Defining command \svmqty with sig. 'm' on line 108.
.................................................
.................................................
. LaTeX info: "xparse/define-command"
. 
. Defining command \smallmatrixquantity with sig. ' s g o d() d|| ' on line
. 133.
.................................................
.................................................
. LaTeX info: "xparse/define-command"
. 
. Defining command \smqty with sig. '' on line 134.
.................................................
.................................................
. LaTeX info: "xparse/define-command"
. 
. Defining command \smallmatrixdeterminant with sig. 'm' on line 135.
.................................................
.................................................
. LaTeX info: "xparse/define-command"
. 
. Defining command \smdet with sig. '' on line 136.
.................................................
.................................................
. LaTeX info: "xparse/define-command"
. 
. Defining command \argopen with sig. 's' on line 138.
.................................................
.................................................
. LaTeX info: "xparse/define-command"
. 
. Defining command \argclose with sig. 's' on line 139.
.................................................
.................................................
. LaTeX info: "xparse/define-command"
. 
. Defining command \braces with sig. '' on line 141.
.................................................
.................................................
. LaTeX info: "xparse/define-command"
. 
. Defining command \@braces with sig. ' s t\big t\Big t\bigg t\Bigg m m m ' on
. line 156.
.................................................
.................................................
. LaTeX info: "xparse/define-command"
. 
. Defining command \fbraces with sig. ' s t\big t\Big t\bigg t\Bigg m m m m '
. on line 174.
.................................................
.................................................
. LaTeX info: "xparse/define-command"
. 
. Defining command \absolutevalue with sig. ' l m ' on line 176.
.................................................
.................................................
. LaTeX info: "xparse/define-command"
. 
. Defining command \abs with sig. '' on line 177.
.................................................
.................................................
. LaTeX info: "xparse/define-command"
. 
. Defining command \norm with sig. ' l m ' on line 178.
.................................................
.................................................
. LaTeX info: "xparse/define-command"
. 
. Defining command \order with sig. ' l m ' on line 179.
.................................................
.................................................
. LaTeX info: "xparse/define-command"
. 
. Defining command \evaluated with sig. ' s g d[| d(| ' on line 194.
.................................................
.................................................
. LaTeX info: "xparse/define-command"
. 
. Defining command \eval with sig. '' on line 195.
.................................................
.................................................
. LaTeX info: "xparse/define-command"
. 
. Defining command \poissonbracket with sig. ' l m m ' on line 197.
.................................................
.................................................
. LaTeX info: "xparse/define-command"
. 
. Defining command \pb with sig. '' on line 198.
.................................................
.................................................
. LaTeX info: "xparse/define-command"
. 
. Defining command \commutator with sig. ' l m m ' on line 201.
.................................................
.................................................
. LaTeX info: "xparse/define-command"
. 
. Defining command \comm with sig. '' on line 202.
.................................................
.................................................
. LaTeX info: "xparse/define-command"
. 
. Defining command \anticommutator with sig. ' l m m ' on line 203.
.................................................
.................................................
. LaTeX info: "xparse/define-command"
. 
. Defining command \acommutator with sig. '' on line 204.
.................................................
.................................................
. LaTeX info: "xparse/define-command"
. 
. Defining command \acomm with sig. '' on line 205.
.................................................
.................................................
. LaTeX info: "xparse/define-command"
. 
. Defining command \vectorbold with sig. ' s m ' on line 208.
.................................................
.................................................
. LaTeX info: "xparse/define-command"
. 
. Defining command \vb with sig. '' on line 209.
.................................................
.................................................
. LaTeX info: "xparse/define-command"
. 
. Defining command \vectorarrow with sig. ' s m ' on line 211.
.................................................
.................................................
. LaTeX info: "xparse/define-command"
. 
. Defining command \va with sig. '' on line 212.
.................................................
.................................................
. LaTeX info: "xparse/define-command"
. 
. Defining command \vectorunit with sig. ' s m ' on line 214.
.................................................
.................................................
. LaTeX info: "xparse/define-command"
. 
. Defining command \vu with sig. '' on line 215.
.................................................
.................................................
. LaTeX info: "xparse/define-command"
. 
. Defining command \dotproduct with sig. '' on line 217.
.................................................
.................................................
. LaTeX info: "xparse/define-command"
. 
. Defining command \vdot with sig. '' on line 218.
.................................................
.................................................
. LaTeX info: "xparse/define-command"
. 
. Defining command \crossproduct with sig. '' on line 220.
.................................................
.................................................
. LaTeX info: "xparse/define-command"
. 
. Defining command \cross with sig. '' on line 221.
.................................................
.................................................
. LaTeX info: "xparse/define-command"
. 
. Defining command \cp with sig. '' on line 222.
.................................................
.................................................
. LaTeX info: "xparse/define-command"
. 
. Defining command \gradient with sig. ' g o d() ' on line 232.
.................................................
.................................................
. LaTeX info: "xparse/define-command"
. 
. Defining command \grad with sig. '' on line 233.
.................................................
.................................................
. LaTeX info: "xparse/define-command"
. 
. Defining command \divergence with sig. ' g o d() ' on line 243.
.................................................
.................................................
. LaTeX info: "xparse/define-command"
. 
. Defining command \div with sig. '' on line 246.
.................................................
.................................................
. LaTeX info: "xparse/define-command"
. 
. Defining command \curl with sig. ' g o d() ' on line 256.
.................................................
.................................................
. LaTeX info: "xparse/define-command"
. 
. Defining command \laplacian with sig. ' g o d() ' on line 266.
.................................................
.................................................
. LaTeX info: "xparse/define-command"
. 
. Defining command \principalvalue with sig. 'g' on line 274.
.................................................
.................................................
. LaTeX info: "xparse/define-command"
. 
. Defining command \pv with sig. '' on line 275.
.................................................
.................................................
. LaTeX info: "xparse/define-command"
. 
. Defining command \PV with sig. 'g' on line 276.
.................................................
.................................................
. LaTeX info: "xparse/redefine-command"
. 
. Redefining command \Re with sig. 'g' on line 277.
.................................................
.................................................
. LaTeX info: "xparse/redefine-command"
. 
. Redefining command \Im with sig. 'g' on line 278.
.................................................
.................................................
. LaTeX info: "xparse/define-command"
. 
. Defining command \opbraces with sig. ' m g o d() ' on line 299.
.................................................
.................................................
. LaTeX info: "xparse/define-command"
. 
. Defining command \trigbraces with sig. ' m o d() ' on line 305.
.................................................
.................................................
. LaTeX info: "xparse/redefine-command"
. 
. Redefining command \sin with sig. '' on line 309.
.................................................
.................................................
. LaTeX info: "xparse/redefine-command"
. 
. Redefining command \cos with sig. '' on line 310.
.................................................
.................................................
. LaTeX info: "xparse/redefine-command"
. 
. Redefining command \tan with sig. '' on line 311.
.................................................
.................................................
. LaTeX info: "xparse/redefine-command"
. 
. Redefining command \csc with sig. '' on line 312.
.................................................
.................................................
. LaTeX info: "xparse/redefine-command"
. 
. Redefining command \sec with sig. '' on line 313.
.................................................
.................................................
. LaTeX info: "xparse/redefine-command"
. 
. Redefining command \cot with sig. '' on line 314.
.................................................
.................................................
. LaTeX info: "xparse/redefine-command"
. 
. Redefining command \arcsin with sig. '' on line 316.
.................................................
.................................................
. LaTeX info: "xparse/redefine-command"
. 
. Redefining command \arccos with sig. '' on line 317.
.................................................
.................................................
. LaTeX info: "xparse/redefine-command"
. 
. Redefining command \arctan with sig. '' on line 318.
.................................................
.................................................
. LaTeX info: "xparse/define-command"
. 
. Defining command \arccsc with sig. '' on line 320.
.................................................
.................................................
. LaTeX info: "xparse/define-command"
. 
. Defining command \arcsec with sig. '' on line 322.
.................................................
.................................................
. LaTeX info: "xparse/define-command"
. 
. Defining command \arccot with sig. '' on line 324.
.................................................
.................................................
. LaTeX info: "xparse/define-command"
. 
. Defining command \asin with sig. '' on line 327.
.................................................
.................................................
. LaTeX info: "xparse/define-command"
. 
. Defining command \acos with sig. '' on line 329.
.................................................
.................................................
. LaTeX info: "xparse/define-command"
. 
. Defining command \atan with sig. '' on line 331.
.................................................
.................................................
. LaTeX info: "xparse/define-command"
. 
. Defining command \acsc with sig. '' on line 333.
.................................................
.................................................
. LaTeX info: "xparse/define-command"
. 
. Defining command \asec with sig. '' on line 335.
.................................................
.................................................
. LaTeX info: "xparse/define-command"
. 
. Defining command \acot with sig. '' on line 337.
.................................................
.................................................
. LaTeX info: "xparse/redefine-command"
. 
. Redefining command \sinh with sig. '' on line 339.
.................................................
.................................................
. LaTeX info: "xparse/redefine-command"
. 
. Redefining command \cosh with sig. '' on line 340.
.................................................
.................................................
. LaTeX info: "xparse/redefine-command"
. 
. Redefining command \tanh with sig. '' on line 341.
.................................................
.................................................
. LaTeX info: "xparse/define-command"
. 
. Defining command \csch with sig. '' on line 343.
.................................................
.................................................
. LaTeX info: "xparse/define-command"
. 
. Defining command \sech with sig. '' on line 345.
.................................................
.................................................
. LaTeX info: "xparse/redefine-command"
. 
. Redefining command \coth with sig. '' on line 346.
.................................................
.................................................
. LaTeX info: "xparse/redefine-command"
. 
. Redefining command \exp with sig. '' on line 348.
.................................................
.................................................
. LaTeX info: "xparse/redefine-command"
. 
. Redefining command \log with sig. '' on line 349.
.................................................
.................................................
. LaTeX info: "xparse/redefine-command"
. 
. Redefining command \ln with sig. '' on line 350.
.................................................
.................................................
. LaTeX info: "xparse/redefine-command"
. 
. Redefining command \det with sig. '' on line 351.
.................................................
.................................................
. LaTeX info: "xparse/redefine-command"
. 
. Redefining command \Pr with sig. '' on line 352.
.................................................
.................................................
. LaTeX info: "xparse/define-command"
. 
. Defining command \tr with sig. '' on line 353.
.................................................
.................................................
. LaTeX info: "xparse/define-command"
. 
. Defining command \Tr with sig. '' on line 354.
.................................................
.................................................
. LaTeX info: "xparse/define-command"
. 
. Defining command \Res with sig. '' on line 355.
.................................................
.................................................
. LaTeX info: "xparse/define-command"
. 
. Defining command \qqtext with sig. ' s m ' on line 377.
.................................................
.................................................
. LaTeX info: "xparse/define-command"
. 
. Defining command \qq with sig. '' on line 378.
.................................................
.................................................
. LaTeX info: "xparse/define-command"
. 
. Defining command \qcomma with sig. '' on line 380.
.................................................
.................................................
. LaTeX info: "xparse/define-command"
. 
. Defining command \qc with sig. '' on line 381.
.................................................
.................................................
. LaTeX info: "xparse/define-command"
. 
. Defining command \qif with sig. 's' on line 383.
.................................................
.................................................
. LaTeX info: "xparse/define-command"
. 
. Defining command \qthen with sig. 's' on line 384.
.................................................
.................................................
. LaTeX info: "xparse/define-command"
. 
. Defining command \qelse with sig. 's' on line 385.
.................................................
.................................................
. LaTeX info: "xparse/define-command"
. 
. Defining command \qotherwise with sig. 's' on line 386.
.................................................
.................................................
. LaTeX info: "xparse/define-command"
. 
. Defining command \qunless with sig. 's' on line 387.
.................................................
.................................................
. LaTeX info: "xparse/define-command"
. 
. Defining command \qgiven with sig. 's' on line 388.
.................................................
.................................................
. LaTeX info: "xparse/define-command"
. 
. Defining command \qusing with sig. 's' on line 389.
.................................................
.................................................
. LaTeX info: "xparse/define-command"
. 
. Defining command \qassume with sig. 's' on line 390.
.................................................
.................................................
. LaTeX info: "xparse/define-command"
. 
. Defining command \qsince with sig. 's' on line 391.
.................................................
.................................................
. LaTeX info: "xparse/define-command"
. 
. Defining command \qlet with sig. 's' on line 392.
.................................................
.................................................
. LaTeX info: "xparse/define-command"
. 
. Defining command \qfor with sig. 's' on line 393.
.................................................
.................................................
. LaTeX info: "xparse/define-command"
. 
. Defining command \qall with sig. 's' on line 394.
.................................................
.................................................
. LaTeX info: "xparse/define-command"
. 
. Defining command \qeven with sig. 's' on line 395.
.................................................
.................................................
. LaTeX info: "xparse/define-command"
. 
. Defining command \qodd with sig. 's' on line 396.
.................................................
.................................................
. LaTeX info: "xparse/define-command"
. 
. Defining command \qinteger with sig. 's' on line 397.
.................................................
.................................................
. LaTeX info: "xparse/define-command"
. 
. Defining command \qand with sig. 's' on line 398.
.................................................
.................................................
. LaTeX info: "xparse/define-command"
. 
. Defining command \qor with sig. 's' on line 399.
.................................................
.................................................
. LaTeX info: "xparse/define-command"
. 
. Defining command \qas with sig. 's' on line 400.
.................................................
.................................................
. LaTeX info: "xparse/define-command"
. 
. Defining command \qin with sig. 's' on line 401.
.................................................
.................................................
. LaTeX info: "xparse/define-command"
. 
. Defining command \qcc with sig. 's' on line 402.
.................................................
.................................................
. LaTeX info: "xparse/define-command"
. 
. Defining command \differential with sig. ' o g d() ' on line 415.
.................................................
.................................................
. LaTeX info: "xparse/define-command"
. 
. Defining command \dd with sig. '' on line 416.
.................................................
.................................................
. LaTeX info: "xparse/define-command"
. 
. Defining command \derivative with sig. ' s o m g d() ' on line 435.
.................................................
.................................................
. LaTeX info: "xparse/define-command"
. 
. Defining command \dv with sig. '' on line 436.
.................................................
.................................................
. LaTeX info: "xparse/define-command"
. 
. Defining command \partialderivative with sig. ' s o m g g d() ' on line 460.
.................................................
.................................................
. LaTeX info: "xparse/define-command"
. 
. Defining command \pderivative with sig. '' on line 461.
.................................................
.................................................
. LaTeX info: "xparse/define-command"
. 
. Defining command \pdv with sig. '' on line 462.
.................................................
.................................................
. LaTeX info: "xparse/define-command"
. 
. Defining command \variation with sig. ' o g d() ' on line 474.
.................................................
.................................................
. LaTeX info: "xparse/define-command"
. 
. Defining command \var with sig. '' on line 475.
.................................................
.................................................
. LaTeX info: "xparse/define-command"
. 
. Defining command \functionalderivative with sig. ' s o m g d() ' on line
. 494.
.................................................
.................................................
. LaTeX info: "xparse/define-command"
. 
. Defining command \fderivative with sig. '' on line 495.
.................................................
.................................................
. LaTeX info: "xparse/define-command"
. 
. Defining command \fdv with sig. '' on line 496.
.................................................
.................................................
. LaTeX info: "xparse/define-command"
. 
. Defining command \bra with sig. ' s m t\ket s g ' on line 526.
.................................................
.................................................
. LaTeX info: "xparse/define-command"
. 
. Defining command \ket with sig. ' s m ' on line 533.
.................................................
.................................................
. LaTeX info: "xparse/define-command"
. 
. Defining command \innerproduct with sig. ' s m g ' on line 548.
.................................................
.................................................
. LaTeX info: "xparse/define-command"
. 
. Defining command \braket with sig. '' on line 549.
.................................................
.................................................
. LaTeX info: "xparse/define-command"
. 
. Defining command \ip with sig. '' on line 550.
.................................................
.................................................
. LaTeX info: "xparse/define-command"
. 
. Defining command \outerproduct with sig. ' s m g ' on line 565.
.................................................
.................................................
. LaTeX info: "xparse/define-command"
. 
. Defining command \dyad with sig. '' on line 566.
.................................................
.................................................
. LaTeX info: "xparse/define-command"
. 
. Defining command \op with sig. '' on line 567.
.................................................
.................................................
. LaTeX info: "xparse/define-command"
. 
. Defining command \ketbra with sig. '' on line 568.
.................................................
.................................................
. LaTeX info: "xparse/define-command"
. 
. Defining command \expectationvalue with sig. ' s s m g ' on line 587.
.................................................
.................................................
. LaTeX info: "xparse/define-command"
. 
. Defining command \expval with sig. '' on line 588.
.................................................
.................................................
. LaTeX info: "xparse/define-command"
. 
. Defining command \ev with sig. '' on line 589.
.................................................
.................................................
. LaTeX info: "xparse/define-command"
. 
. Defining command \vev with sig. ' m ' on line 590.
.................................................
.................................................
. LaTeX info: "xparse/define-command"
. 
. Defining command \matrixelement with sig. ' s s m m m ' on line 601.
.................................................
.................................................
. LaTeX info: "xparse/define-command"
. 
. Defining command \matrixel with sig. '' on line 602.
.................................................
.................................................
. LaTeX info: "xparse/define-command"
. 
. Defining command \mel with sig. '' on line 603.
.................................................
.................................................
. LaTeX info: "xparse/define-command"
. 
. Defining command \identitymatrix with sig. 'm' on line 633.
.................................................
.................................................
. LaTeX info: "xparse/define-command"
. 
. Defining command \imat with sig. '' on line 634.
.................................................
.................................................
. LaTeX info: "xparse/define-command"
. 
. Defining command \xmatrix with sig. ' s m m m ' on line 659.
.................................................
.................................................
. LaTeX info: "xparse/define-command"
. 
. Defining command \xmat with sig. '' on line 660.
.................................................
.................................................
. LaTeX info: "xparse/define-command"
. 
. Defining command \zeromatrix with sig. ' m g ' on line 662.
.................................................
.................................................
. LaTeX info: "xparse/define-command"
. 
. Defining command \zmat with sig. '' on line 663.
.................................................
.................................................
. LaTeX info: "xparse/define-command"
. 
. Defining command \paulixmatrix with sig. '' on line 665.
.................................................
.................................................
. LaTeX info: "xparse/define-command"
. 
. Defining command \pauliymatrix with sig. '' on line 666.
.................................................
.................................................
. LaTeX info: "xparse/define-command"
. 
. Defining command \paulizmatrix with sig. '' on line 667.
.................................................
.................................................
. LaTeX info: "xparse/define-command"
. 
. Defining command \paulimatrix with sig. 'm' on line 678.
.................................................
.................................................
. LaTeX info: "xparse/define-command"
. 
. Defining command \pmat with sig. '' on line 679.
.................................................
.................................................
. LaTeX info: "xparse/define-command"
. 
. Defining command \diagonalmatrix with sig. 'O{} >{\SplitList {,}}m ' on line
. 681.
.................................................
.................................................
. LaTeX info: "xparse/define-command"
. 
. Defining command \@dmat with sig. 'mmggggggg' on line 714.
.................................................
.................................................
. LaTeX info: "xparse/define-command"
. 
. Defining command \dmat with sig. '' on line 715.
.................................................
.................................................
. LaTeX info: "xparse/define-command"
. 
. Defining command \antidiagonalmatrix with sig. 'O{} >{\SplitList {,}}m ' on
. line 717.
.................................................
.................................................
. LaTeX info: "xparse/define-command"
. 
. Defining command \@admat with sig. 'mmggggggg' on line 750.
.................................................
.................................................
. LaTeX info: "xparse/define-command"
. 
. Defining command \admat with sig. '' on line 751.
.................................................
.................................................
. LaTeX info: "xparse/define-command"
. 
. Defining command \flatfrac with sig. ' m m ' on line 754.
.................................................
.................................................
. LaTeX info: "xparse/define-command"
. 
. Defining command \homework with sig. '' on line 764.
.................................................
)
("C:\Program Files\MiKTeX 2.9\tex\latex\datetime\datetime.sty"
Package: datetime 2015/03/20 v2.60 Date Time Package

("C:\Program Files\MiKTeX 2.9\tex\latex\etoolbox\etoolbox.sty"
Package: etoolbox 2015/08/02 v2.2a e-TeX tools for LaTeX (JAW)
\etb@tempcnta=\count130
)
("C:\Program Files\MiKTeX 2.9\tex\latex\fmtcount\fmtcount.sty"
Package: fmtcount 2015/05/05 v3.01

("C:\Program Files\MiKTeX 2.9\tex\latex\base\ifthen.sty"
Package: ifthen 2014/09/29 v1.1c Standard LaTeX ifthen package (DPC)
)
("C:\Program Files\MiKTeX 2.9\tex\latex\xkeyval\xkeyval.sty"
Package: xkeyval 2014/12/03 v2.7a package option processing (HA)

("C:\Program Files\MiKTeX 2.9\tex\generic\xkeyval\xkeyval.tex"
("C:\Program Files\MiKTeX 2.9\tex\generic\xkeyval\xkvutils.tex"
\XKV@toks=\toks21
\XKV@tempa@toks=\toks22

("C:\Program Files\MiKTeX 2.9\tex\generic\xkeyval\keyval.tex"))
\XKV@depth=\count131
File: xkeyval.tex 2014/12/03 v2.7a key=value parser (HA)
))
("C:\Program Files\MiKTeX 2.9\tex\latex\fmtcount\fcprefix.sty"
Package: fcprefix 2012/09/28

("C:\Program Files\MiKTeX 2.9\tex\latex\fmtcount\fcnumparser.sty"
Package: fcnumparser 2012/09/28
\fc@digit@counter=\count132
))
("C:\Program Files\MiKTeX 2.9\tex\generic\ifxetex\ifxetex.sty"
Package: ifxetex 2010/09/12 v0.6 Provides ifxetex conditional
)
\c@padzeroesN=\count133
\fc@tmpcatcode=\count134
\@DT@modctr=\count135
\@ordinalctr=\count136
\@orgargctr=\count137
\@strctr=\count138
\@tmpstrctr=\count139
\@DT@loopN=\count140
\@DT@X=\count141

("C:\Program Files\MiKTeX 2.9\tex\latex\fmtcount\fc-english.def"
File: fc-english.def 2013/08/17
))
("C:\Program Files\MiKTeX 2.9\tex\latex\datetime\datetime-defaults.sty"
Package: datetime-defaults 2013/09/10
)
\@day=\count142
\@month=\count143
\@year=\count144
\c@HOUR=\count145
\c@HOURXII=\count146
\c@MINUTE=\count147
\c@TOHOUR=\count148
\c@TOMINUTE=\count149
\c@SECOND=\count150
\currenthour=\count151
\currentminute=\count152
\currentsecond=\count153
Package datetime Info: No datetime.cfg file found, using default settings on in
put line 308.
\@dtctr=\count154
\dayofyear=\count155
\dayofweek=\count156
LaTeX Info: Redefining \today on input line 736.
\dt@a=\toks23
\dt@b=\toks24
)
("C:\Program Files\MiKTeX 2.9\tex\latex\psnfss\mathptmx.sty"
Package: mathptmx 2005/04/12 PSNFSS-v9.2a Times w/ Math, improved (SPQR, WaS) 
LaTeX Font Info:    Redeclaring symbol font `operators' on input line 28.
LaTeX Font Info:    Overwriting symbol font `operators' in version `normal'
(Font)                  OT1/cmr/m/n --> OT1/ztmcm/m/n on input line 28.
LaTeX Font Info:    Overwriting symbol font `operators' in version `bold'
(Font)                  OT1/cmr/bx/n --> OT1/ztmcm/m/n on input line 28.
LaTeX Font Info:    Redeclaring symbol font `letters' on input line 29.
LaTeX Font Info:    Overwriting symbol font `letters' in version `normal'
(Font)                  OML/cmm/m/it --> OML/ztmcm/m/it on input line 29.
LaTeX Font Info:    Overwriting symbol font `letters' in version `bold'
(Font)                  OML/cmm/b/it --> OML/ztmcm/m/it on input line 29.
LaTeX Font Info:    Redeclaring symbol font `symbols' on input line 30.
LaTeX Font Info:    Overwriting symbol font `symbols' in version `normal'
(Font)                  OMS/cmsy/m/n --> OMS/ztmcm/m/n on input line 30.
LaTeX Font Info:    Overwriting symbol font `symbols' in version `bold'
(Font)                  OMS/cmsy/b/n --> OMS/ztmcm/m/n on input line 30.
LaTeX Font Info:    Redeclaring symbol font `largesymbols' on input line 31.
LaTeX Font Info:    Overwriting symbol font `largesymbols' in version `normal'
(Font)                  OMX/cmex/m/n --> OMX/ztmcm/m/n on input line 31.
LaTeX Font Info:    Overwriting symbol font `largesymbols' in version `bold'
(Font)                  OMX/cmex/m/n --> OMX/ztmcm/m/n on input line 31.
\symbold=\mathgroup4
\symitalic=\mathgroup5
LaTeX Font Info:    Redeclaring math alphabet \mathbf on input line 34.
LaTeX Font Info:    Overwriting math alphabet `\mathbf' in version `normal'
(Font)                  OT1/cmr/bx/n --> OT1/ptm/bx/n on input line 34.
LaTeX Font Info:    Overwriting math alphabet `\mathbf' in version `bold'
(Font)                  OT1/cmr/bx/n --> OT1/ptm/bx/n on input line 34.
LaTeX Font Info:    Redeclaring math alphabet \mathit on input line 35.
LaTeX Font Info:    Overwriting math alphabet `\mathit' in version `normal'
(Font)                  OT1/cmr/m/it --> OT1/ptm/m/it on input line 35.
LaTeX Font Info:    Overwriting math alphabet `\mathit' in version `bold'
(Font)                  OT1/cmr/bx/it --> OT1/ptm/m/it on input line 35.
LaTeX Info: Redefining \hbar on input line 50.
) (first.aux)
\openout1 = `first.aux'.

LaTeX Font Info:    Checking defaults for OML/cmm/m/it on input line 15.
LaTeX Font Info:    ... okay on input line 15.
LaTeX Font Info:    Checking defaults for T1/cmr/m/n on input line 15.
LaTeX Font Info:    ... okay on input line 15.
LaTeX Font Info:    Checking defaults for OT1/cmr/m/n on input line 15.
LaTeX Font Info:    ... okay on input line 15.
LaTeX Font Info:    Checking defaults for OMS/cmsy/m/n on input line 15.
LaTeX Font Info:    ... okay on input line 15.
LaTeX Font Info:    Checking defaults for OMX/cmex/m/n on input line 15.
LaTeX Font Info:    ... okay on input line 15.
LaTeX Font Info:    Checking defaults for U/cmr/m/n on input line 15.
LaTeX Font Info:    ... okay on input line 15.
LaTeX Font Info:    Try loading font information for OT1+ptm on input line 15.

("C:\Program Files\MiKTeX 2.9\tex\latex\psnfss\ot1ptm.fd"
File: ot1ptm.fd 2001/06/04 font definitions for OT1/ptm.
)
LaTeX Font Info:    Try loading font information for OT1+ztmcm on input line 18
.

("C:\Program Files\MiKTeX 2.9\tex\latex\psnfss\ot1ztmcm.fd"
File: ot1ztmcm.fd 2000/01/03 Fontinst v1.801 font definitions for OT1/ztmcm.
)
LaTeX Font Info:    Try loading font information for OML+ztmcm on input line 18
.

("C:\Program Files\MiKTeX 2.9\tex\latex\psnfss\omlztmcm.fd"
File: omlztmcm.fd 2000/01/03 Fontinst v1.801 font definitions for OML/ztmcm.
)
LaTeX Font Info:    Try loading font information for OMS+ztmcm on input line 18
.

("C:\Program Files\MiKTeX 2.9\tex\latex\psnfss\omsztmcm.fd"
File: omsztmcm.fd 2000/01/03 Fontinst v1.801 font definitions for OMS/ztmcm.
)
LaTeX Font Info:    Try loading font information for OMX+ztmcm on input line 18
.

("C:\Program Files\MiKTeX 2.9\tex\latex\psnfss\omxztmcm.fd"
File: omxztmcm.fd 2000/01/03 Fontinst v1.801 font definitions for OMX/ztmcm.
)
LaTeX Font Info:    Font shape `OT1/ptm/bx/n' in size <12> not available
(Font)              Font shape `OT1/ptm/b/n' tried instead on input line 18.
LaTeX Font Info:    Font shape `OT1/ptm/bx/n' in size <9> not available
(Font)              Font shape `OT1/ptm/b/n' tried instead on input line 18.
LaTeX Font Info:    Font shape `OT1/ptm/bx/n' in size <7> not available
(Font)              Font shape `OT1/ptm/b/n' tried instead on input line 18.


LaTeX Warning: No \author given.

LaTeX Font Info:    Try loading font information for OMS+ptm on input line 18.
("C:\Program Files\MiKTeX 2.9\tex\latex\psnfss\omsptm.fd"
File: omsptm.fd 
)
LaTeX Font Info:    Font shape `OMS/ptm/m/n' in size <9> not available
(Font)              Font shape `OMS/cmsy/m/n' tried instead on input line 18.
LaTeX Font Info:    Font shape `OT1/ptm/bx/n' in size <8> not available
(Font)              Font shape `OT1/ptm/b/n' tried instead on input line 18.
LaTeX Font Info:    Font shape `OT1/ptm/bx/n' in size <6> not available
(Font)              Font shape `OT1/ptm/b/n' tried instead on input line 18.
LaTeX Font Info:    Font shape `OT1/ptm/bx/n' in size <5> not available
(Font)              Font shape `OT1/ptm/b/n' tried instead on input line 18.
LaTeX Font Info:    Font shape `OMS/ptm/m/n' in size <6> not available
(Font)              Font shape `OMS/cmsy/m/n' tried instead on input line 18.
LaTeX Font Info:    Font shape `OT1/ptm/bx/n' in size <14.4> not available
(Font)              Font shape `OT1/ptm/b/n' tried instead on input line 19.
LaTeX Font Info:    Font shape `OT1/ptm/bx/n' in size <10> not available
(Font)              Font shape `OT1/ptm/b/n' tried instead on input line 20.


LaTeX Warning: Reference `fig:illustration' on page 1 undefined on input line 2
0.

LaTeX Font Info:    Font shape `OT1/ptm/bx/n' in size <7.4> not available
(Font)              Font shape `OT1/ptm/b/n' tried instead on input line 20.
[1

{C:/Users/Phased/AppData/Local/MiKTeX/2.9/pdftex/config/pdftex.map}]

LaTeX Warning: Reference `eq:Hemup' on page 2 undefined on input line 64.


LaTeX Warning: Reference `eq:Hemdn' on page 2 undefined on input line 64.


LaTeX Warning: Reference `eq:BC' on page 2 undefined on input line 87.


LaTeX Warning: Reference `eq:sourceFT' on page 2 undefined on input line 87.

[2] [3] (first.aux)

LaTeX Warning: There were undefined references.


LaTeX Warning: Label(s) may have changed. Rerun to get cross-references right.

 ) 
Here is how much of TeX's memory you used:
 9881 strings out of 493335
 178389 string characters out of 3139257
 228536 words of memory out of 10000000
 13350 multiletter control sequences out of 15000+200000
 46560 words of font info for 97 fonts, out of 3000000 for 9000
 1141 hyphenation exceptions out of 8191
 40i,20n,42p,10427b,275s stack positions out of 5000i,500n,10000p,200000b,50000s
{C:/Program Files/MiKTeX 2.9/fonts/enc/dvips/fontname/8r.enc}<C:/Program File
s/MiKTeX 2.9/fonts/type1/public/amsfonts/cm/cmex10.pfb><C:/Program Files/MiKTeX
 2.9/fonts/type1/public/amsfonts/cm/cmmi10.pfb><C:/Program Files/MiKTeX 2.9/fon
ts/type1/public/amsfonts/cm/cmr10.pfb><C:/Program Files/MiKTeX 2.9/fonts/type1/
public/amsfonts/cm/cmsy10.pfb><C:/Program Files/MiKTeX 2.9/fonts/type1/public/a
msfonts/cm/cmsy6.pfb><C:/Program Files/MiKTeX 2.9/fonts/type1/public/amsfonts/c
m/cmsy9.pfb><C:/Program Files/MiKTeX 2.9/fonts/type1/public/rsfs/rsfs10.pfb><C:
/Program Files/MiKTeX 2.9/fonts/type1/urw/symbol/usyr.pfb><C:/Program Files/MiK
TeX 2.9/fonts/type1/urw/symbol/usyr.pfb><C:/Program Files/MiKTeX 2.9/fonts/type
1/urw/times/utmb8a.pfb><C:/Program Files/MiKTeX 2.9/fonts/type1/urw/times/utmr8
a.pfb><C:/Program Files/MiKTeX 2.9/fonts/type1/urw/times/utmri8a.pfb>
Output written on first.pdf (3 pages, 107532 bytes).
PDF statistics:
 61 PDF objects out of 1000 (max. 8388607)
 0 named destinations out of 1000 (max. 500000)
 1 words of extra memory for PDF output out of 10000 (max. 10000000)

